# JRE version: Java(TM) SE Runtime Environment (8.0_92-b14) (build 1.8.0_92-b14)
# Java VM: Java HotSpot(TM) 64-Bit Server VM (25.92-b14 mixed mode linux-amd64 compressed oops)
Heap:
 PSYoungGen      total 2187264K, used 571206K [0x0000000670d00000, 0x0000000712380000, 0x00000007c0000000)
  eden space 2183680K, 26% used [0x0000000670d00000,0x00000006937d05d0,0x00000006f6180000)
  from space 3584K, 85% used [0x00000006f6180000,0x00000006f6481340,0x00000006f6500000)
  to   space 227840K, 0% used [0x0000000704500000,0x0000000704500000,0x0000000712380000)
 ParOldGen       total 1921024K, used 55171K [0x00000003d2600000, 0x0000000447a00000, 0x0000000670d00000)
  object space 1921024K, 2% used [0x00000003d2600000,0x00000003d5be0d60,0x0000000447a00000)
 Metaspace       used 6311K, capacity 6605K, committed 6784K, reserved 1056768K
  class space    used 587K, capacity 640K, committed 640K, reserved 1048576K
GC Heap History (10 events):
Event: 1507.158 GC heap before
{Heap before GC invocations=86 (full 9):
 PSYoungGen      total 2489856K, used 2176873K [0x0000000670d00000, 0x000000071f980000, 0x00000007c0000000)
  eden space 2174464K, 100% used [0x0000000670d00000,0x00000006f5880000,0x00000006f5880000)
  from space 315392K, 0% used [0x000000070c580000,0x000000070c7da570,0x000000071f980000)
  to   space 344576K, 0% used [0x00000006f5880000,0x00000006f5880000,0x000000070a900000)
 ParOldGen       total 1921024K, used 55150K [0x00000003d2600000, 0x0000000447a00000, 0x0000000670d00000)
  object space 1921024K, 2% used [0x00000003d2600000,0x00000003d5bdb908,0x0000000447a00000)
 Metaspace       used 6309K, capacity 6605K, committed 6784K, reserved 1056768K
  class space    used 587K, capacity 640K, committed 640K, reserved 1048576K
Event: 1507.167 GC heap after
Heap after GC invocations=86 (full 9):
 PSYoungGen      total 2178048K, used 3513K [0x0000000670d00000, 0x000000071c700000, 0x00000007c0000000)
  eden space 2174464K, 0% used [0x0000000670d00000,0x0000000670d00000,0x00000006f5880000)
  from space 3584K, 98% used [0x00000006f5880000,0x00000006f5bee6c0,0x00000006f5c00000)
  to   space 317440K, 0% used [0x0000000709100000,0x0000000709100000,0x000000071c700000)
 ParOldGen       total 1921024K, used 55155K [0x00000003d2600000, 0x0000000447a00000, 0x0000000670d00000)
  object space 1921024K, 2% used [0x00000003d2600000,0x00000003d5bdcd60,0x0000000447a00000)
 Metaspace       used 6309K, capacity 6605K, committed 6784K, reserved 1056768K
  class space    used 587K, capacity 640K, committed 640K, reserved 1048576K
}
Event: 1524.271 GC heap before
{Heap before GC invocations=87 (full 9):
 PSYoungGen      total 2178048K, used 2177977K [0x0000000670d00000, 0x000000071c700000, 0x00000007c0000000)
  eden space 2174464K, 100% used [0x0000000670d00000,0x00000006f5880000,0x00000006f5880000)
  from space 3584K, 98% used [0x00000006f5880000,0x00000006f5bee6c0,0x00000006f5c00000)
  to   space 317440K, 0% used [0x0000000709100000,0x0000000709100000,0x000000071c700000)
 ParOldGen       total 1921024K, used 55155K [0x00000003d2600000, 0x0000000447a00000, 0x0000000670d00000)
  object space 1921024K, 2% used [0x00000003d2600000,0x00000003d5bdcd60,0x0000000447a00000)
 Metaspace       used 6309K, capacity 6605K, committed 6784K, reserved 1056768K
  class space    used 587K, capacity 640K, committed 640K, reserved 1048576K
Event: 1524.276 GC heap after
Heap after GC invocations=87 (full 9):
 PSYoungGen      total 2444288K, used 2397K [0x0000000670d00000, 0x0000000719600000, 0x00000007c0000000)
  eden space 2177024K, 0% used [0x0000000670d00000,0x0000000670d00000,0x00000006f5b00000)
  from space 267264K, 0% used [0x0000000709100000,0x00000007093577e0,0x0000000719600000)
  to   space 292352K, 0% used [0x00000006f5b00000,0x00000006f5b00000,0x0000000707880000)
 ParOldGen       total 1921024K, used 55155K [0x00000003d2600000, 0x0000000447a00000, 0x0000000670d00000)
  object space 1921024K, 2% used [0x00000003d2600000,0x00000003d5bdcd60,0x0000000447a00000)
 Metaspace       used 6309K, capacity 6605K, committed 6784K, reserved 1056768K
  class space    used 587K, capacity 640K, committed 640K, reserved 1048576K
}
Event: 1549.644 GC heap before
{Heap before GC invocations=88 (full 9):
 PSYoungGen      total 2444288K, used 2179421K [0x0000000670d00000, 0x0000000719600000, 0x00000007c0000000)
  eden space 2177024K, 100% used [0x0000000670d00000,0x00000006f5b00000,0x00000006f5b00000)
  from space 267264K, 0% used [0x0000000709100000,0x00000007093577e0,0x0000000719600000)
  to   space 292352K, 0% used [0x00000006f5b00000,0x00000006f5b00000,0x0000000707880000)
 ParOldGen       total 1921024K, used 55155K [0x00000003d2600000, 0x0000000447a00000, 0x0000000670d00000)
  object space 1921024K, 2% used [0x00000003d2600000,0x00000003d5bdcd60,0x0000000447a00000)
 Metaspace       used 6309K, capacity 6605K, committed 6784K, reserved 1056768K
  class space    used 587K, capacity 640K, committed 640K, reserved 1048576K
Event: 1549.652 GC heap after
Heap after GC invocations=88 (full 9):
 PSYoungGen      total 2180608K, used 3141K [0x0000000670d00000, 0x0000000716b80000, 0x00000007c0000000)
  eden space 2177024K, 0% used [0x0000000670d00000,0x0000000670d00000,0x00000006f5b00000)
  from space 3584K, 87% used [0x00000006f5b00000,0x00000006f5e11490,0x00000006f5e80000)
  to   space 269312K, 0% used [0x0000000706480000,0x0000000706480000,0x0000000716b80000)
 ParOldGen       total 1921024K, used 55155K [0x00000003d2600000, 0x0000000447a00000, 0x0000000670d00000)
  object space 1921024K, 2% used [0x00000003d2600000,0x00000003d5bdcd60,0x0000000447a00000)
 Metaspace       used 6309K, capacity 6605K, committed 6784K, reserved 1056768K
  class space    used 587K, capacity 640K, committed 640K, reserved 1048576K
}
Event: 1566.594 GC heap before
{Heap before GC invocations=89 (full 9):
 PSYoungGen      total 2180608K, used 2180165K [0x0000000670d00000, 0x0000000716b80000, 0x00000007c0000000)
  eden space 2177024K, 100% used [0x0000000670d00000,0x00000006f5b00000,0x00000006f5b00000)
  from space 3584K, 87% used [0x00000006f5b00000,0x00000006f5e11490,0x00000006f5e80000)
  to   space 269312K, 0% used [0x0000000706480000,0x0000000706480000,0x0000000716b80000)
 ParOldGen       total 1921024K, used 55155K [0x00000003d2600000, 0x0000000447a00000, 0x0000000670d00000)
  object space 1921024K, 2% used [0x00000003d2600000,0x00000003d5bdcd60,0x0000000447a00000)
 Metaspace       used 6309K, capacity 6605K, committed 6784K, reserved 1056768K
  class space    used 587K, capacity 640K, committed 640K, reserved 1048576K
Event: 1566.641 GC heap after
Heap after GC invocations=89 (full 9):
 PSYoungGen      total 2414080K, used 2635K [0x0000000670d00000, 0x0000000714580000, 0x00000007c0000000)
  eden space 2183680K, 0% used [0x0000000670d00000,0x0000000670d00000,0x00000006f6180000)
  from space 230400K, 1% used [0x0000000706480000,0x0000000706712e60,0x0000000714580000)
  to   space 247808K, 0% used [0x00000006f6180000,0x00000006f6180000,0x0000000705380000)
 ParOldGen       total 1921024K, used 55163K [0x00000003d2600000, 0x0000000447a00000, 0x0000000670d00000)
  object space 1921024K, 2% used [0x00000003d2600000,0x00000003d5bded60,0x0000000447a00000)
 Metaspace       used 6309K, capacity 6605K, committed 6784K, reserved 1056768K
  class space    used 587K, capacity 640K, committed 640K, reserved 1048576K
}
Event: 1596.461 GC heap before
{Heap before GC invocations=90 (full 9):
 PSYoungGen      total 2414080K, used 2186315K [0x0000000670d00000, 0x0000000714580000, 0x00000007c0000000)
  eden space 2183680K, 100% used [0x0000000670d00000,0x00000006f6180000,0x00000006f6180000)
  from space 230400K, 1% used [0x0000000706480000,0x0000000706712e60,0x0000000714580000)
  to   space 247808K, 0% used [0x00000006f6180000,0x00000006f6180000,0x0000000705380000)
 ParOldGen       total 1921024K, used 55163K [0x00000003d2600000, 0x0000000447a00000, 0x0000000670d00000)
  object space 1921024K, 2% used [0x00000003d2600000,0x00000003d5bded60,0x0000000447a00000)
 Metaspace       used 6309K, capacity 6605K, committed 6784K, reserved 1056768K
  class space    used 587K, capacity 640K, committed 640K, reserved 1048576K
Event: 1596.468 GC heap after
Heap after GC invocations=90 (full 9):
 PSYoungGen      total 2187264K, used 3076K [0x0000000670d00000, 0x0000000712380000, 0x00000007c0000000)
  eden space 2183680K, 0% used [0x0000000670d00000,0x0000000670d00000,0x00000006f6180000)
  from space 3584K, 85% used [0x00000006f6180000,0x00000006f6481340,0x00000006f6500000)
  to   space 227840K, 0% used [0x0000000704500000,0x0000000704500000,0x0000000712380000)
 ParOldGen       total 1921024K, used 55171K [0x00000003d2600000, 0x0000000447a00000, 0x0000000670d00000)
  object space 1921024K, 2% used [0x00000003d2600000,0x00000003d5be0d60,0x0000000447a00000)
 Metaspace       used 6309K, capacity 6605K, committed 6784K, reserved 1056768K
  class space    used 587K, capacity 640K, committed 640K, reserved 1048576K
}

