# JRE version: Java(TM) SE Runtime Environment (8.0_92-b14) (build 1.8.0_92-b14)
# Java VM: Java HotSpot(TM) 64-Bit Server VM (25.92-b14 mixed mode linux-amd64 )
Heap:
 PSYoungGen      total 558592K, used 450453K [0x00007f0ccd300000, 0x00007f0cf1e00000, 0x00007f1629000000)
  eden space 516096K, 81% used [0x00007f0ccd300000,0x00007f0ce6e768a0,0x00007f0cecb00000)
  from space 42496K, 68% used [0x00007f0cef480000,0x00007f0cf10eeeb8,0x00007f0cf1e00000)
  to   space 42496K, 0% used [0x00007f0cecb00000,0x00007f0cecb00000,0x00007f0cef480000)
 ParOldGen       total 687104K, used 32K [0x00007efa15800000, 0x00007efa3f700000, 0x00007f0ccd300000)
  object space 687104K, 0% used [0x00007efa15800000,0x00007efa15808018,0x00007efa3f700000)
 Metaspace       used 5602K, capacity 5787K, committed 5888K, reserved 8192K
GC Heap History (8 events):
Event: 1.413 GC heap before
{Heap before GC invocations=1 (full 0):
 PSYoungGen      total 300544K, used 258048K [0x00007f0ccd300000, 0x00007f0ce2200000, 0x00007f1629000000)
  eden space 258048K, 100% used [0x00007f0ccd300000,0x00007f0cdcf00000,0x00007f0cdcf00000)
  from space 42496K, 0% used [0x00007f0cdf880000,0x00007f0cdf880000,0x00007f0ce2200000)
  to   space 42496K, 0% used [0x00007f0cdcf00000,0x00007f0cdcf00000,0x00007f0cdf880000)
 ParOldGen       total 687104K, used 0K [0x00007efa15800000, 0x00007efa3f700000, 0x00007f0ccd300000)
  object space 687104K, 0% used [0x00007efa15800000,0x00007efa15800000,0x00007efa3f700000)
 Metaspace       used 4605K, capacity 5565K, committed 5632K, reserved 8192K
Event: 1.426 GC heap after
Heap after GC invocations=1 (full 0):
 PSYoungGen      total 300544K, used 26040K [0x00007f0ccd300000, 0x00007f0ce2200000, 0x00007f1629000000)
  eden space 258048K, 0% used [0x00007f0ccd300000,0x00007f0ccd300000,0x00007f0cdcf00000)
  from space 42496K, 61% used [0x00007f0cdcf00000,0x00007f0cde86e150,0x00007f0cdf880000)
  to   space 42496K, 0% used [0x00007f0cdf880000,0x00007f0cdf880000,0x00007f0ce2200000)
 ParOldGen       total 687104K, used 16K [0x00007efa15800000, 0x00007efa3f700000, 0x00007f0ccd300000)
  object space 687104K, 0% used [0x00007efa15800000,0x00007efa15804018,0x00007efa3f700000)
 Metaspace       used 4605K, capacity 5565K, committed 5632K, reserved 8192K
}
Event: 2.030 GC heap before
{Heap before GC invocations=2 (full 0):
 PSYoungGen      total 300544K, used 284088K [0x00007f0ccd300000, 0x00007f0ce2200000, 0x00007f1629000000)
  eden space 258048K, 100% used [0x00007f0ccd300000,0x00007f0cdcf00000,0x00007f0cdcf00000)
  from space 42496K, 61% used [0x00007f0cdcf00000,0x00007f0cde86e150,0x00007f0cdf880000)
  to   space 42496K, 0% used [0x00007f0cdf880000,0x00007f0cdf880000,0x00007f0ce2200000)
 ParOldGen       total 687104K, used 16K [0x00007efa15800000, 0x00007efa3f700000, 0x00007f0ccd300000)
  object space 687104K, 0% used [0x00007efa15800000,0x00007efa15804018,0x00007efa3f700000)
 Metaspace       used 4616K, capacity 5565K, committed 5632K, reserved 8192K
Event: 2.052 GC heap after
Heap after GC invocations=2 (full 0):
 PSYoungGen      total 300544K, used 25391K [0x00007f0ccd300000, 0x00007f0cf1e00000, 0x00007f1629000000)
  eden space 258048K, 0% used [0x00007f0ccd300000,0x00007f0ccd300000,0x00007f0cdcf00000)
  from space 42496K, 59% used [0x00007f0cdf880000,0x00007f0ce114bce0,0x00007f0ce2200000)
  to   space 42496K, 0% used [0x00007f0cdcf00000,0x00007f0cdcf00000,0x00007f0cdf880000)
 ParOldGen       total 687104K, used 24K [0x00007efa15800000, 0x00007efa3f700000, 0x00007f0ccd300000)
  object space 687104K, 0% used [0x00007efa15800000,0x00007efa15806018,0x00007efa3f700000)
 Metaspace       used 4616K, capacity 5565K, committed 5632K, reserved 8192K
}
Event: 3.823 GC heap before
{Heap before GC invocations=3 (full 0):
 PSYoungGen      total 300544K, used 283439K [0x00007f0ccd300000, 0x00007f0cf1e00000, 0x00007f1629000000)
  eden space 258048K, 100% used [0x00007f0ccd300000,0x00007f0cdcf00000,0x00007f0cdcf00000)
  from space 42496K, 59% used [0x00007f0cdf880000,0x00007f0ce114bce0,0x00007f0ce2200000)
  to   space 42496K, 0% used [0x00007f0cdcf00000,0x00007f0cdcf00000,0x00007f0cdf880000)
 ParOldGen       total 687104K, used 24K [0x00007efa15800000, 0x00007efa3f700000, 0x00007f0ccd300000)
  object space 687104K, 0% used [0x00007efa15800000,0x00007efa15806018,0x00007efa3f700000)
 Metaspace       used 5564K, capacity 5787K, committed 5888K, reserved 8192K
Event: 3.830 GC heap after
Heap after GC invocations=3 (full 0):
 PSYoungGen      total 300544K, used 26162K [0x00007f0ccd300000, 0x00007f0cf1e00000, 0x00007f1629000000)
  eden space 258048K, 0% used [0x00007f0ccd300000,0x00007f0ccd300000,0x00007f0cdcf00000)
  from space 42496K, 61% used [0x00007f0cdcf00000,0x00007f0cde88caf0,0x00007f0cdf880000)
  to   space 42496K, 0% used [0x00007f0cef480000,0x00007f0cef480000,0x00007f0cf1e00000)
 ParOldGen       total 687104K, used 32K [0x00007efa15800000, 0x00007efa3f700000, 0x00007f0ccd300000)
  object space 687104K, 0% used [0x00007efa15800000,0x00007efa15808018,0x00007efa3f700000)
 Metaspace       used 5564K, capacity 5787K, committed 5888K, reserved 8192K
}
Event: 10.949 GC heap before
{Heap before GC invocations=4 (full 0):
 PSYoungGen      total 300544K, used 284210K [0x00007f0ccd300000, 0x00007f0cf1e00000, 0x00007f1629000000)
  eden space 258048K, 100% used [0x00007f0ccd300000,0x00007f0cdcf00000,0x00007f0cdcf00000)
  from space 42496K, 61% used [0x00007f0cdcf00000,0x00007f0cde88caf0,0x00007f0cdf880000)
  to   space 42496K, 0% used [0x00007f0cef480000,0x00007f0cef480000,0x00007f0cf1e00000)
 ParOldGen       total 687104K, used 32K [0x00007efa15800000, 0x00007efa3f700000, 0x00007f0ccd300000)
  object space 687104K, 0% used [0x00007efa15800000,0x00007efa15808018,0x00007efa3f700000)
 Metaspace       used 5582K, capacity 5787K, committed 5888K, reserved 8192K
Event: 10.965 GC heap after
Heap after GC invocations=4 (full 0):
 PSYoungGen      total 558592K, used 29115K [0x00007f0ccd300000, 0x00007f0cf1e00000, 0x00007f1629000000)
  eden space 516096K, 0% used [0x00007f0ccd300000,0x00007f0ccd300000,0x00007f0cecb00000)
  from space 42496K, 68% used [0x00007f0cef480000,0x00007f0cf10eeeb8,0x00007f0cf1e00000)
  to   space 42496K, 0% used [0x00007f0cecb00000,0x00007f0cecb00000,0x00007f0cef480000)
 ParOldGen       total 687104K, used 32K [0x00007efa15800000, 0x00007efa3f700000, 0x00007f0ccd300000)
  object space 687104K, 0% used [0x00007efa15800000,0x00007efa15808018,0x00007efa3f700000)
 Metaspace       used 5582K, capacity 5787K, committed 5888K, reserved 8192K
}

