# JRE version: Java(TM) SE Runtime Environment (8.0_92-b14) (build 1.8.0_92-b14)
# Java VM: Java HotSpot(TM) 64-Bit Server VM (25.92-b14 mixed mode linux-amd64 )
Heap:
 PSYoungGen      total 133120K, used 106348K [0x00007f80e0900000, 0x00007f80e9600000, 0x00007f8a3c600000)
  eden space 126976K, 81% used [0x00007f80e0900000,0x00007f80e6d73200,0x00007f80e8500000)
  from space 6144K, 56% used [0x00007f80e9000000,0x00007f80e9368018,0x00007f80e9600000)
  to   space 8704K, 0% used [0x00007f80e8500000,0x00007f80e8500000,0x00007f80e8d80000)
 ParOldGen       total 687104K, used 12357K [0x00007f6e28e00000, 0x00007f6e52d00000, 0x00007f80e0900000)
  object space 687104K, 1% used [0x00007f6e28e00000,0x00007f6e29a117d0,0x00007f6e52d00000)
 Metaspace       used 6367K, capacity 6675K, committed 6912K, reserved 8192K
GC Heap History (10 events):
Event: 224.954 GC heap before
{Heap before GC invocations=38 (full 0):
 PSYoungGen      total 137728K, used 137232K [0x00007f80e0900000, 0x00007f80e9d00000, 0x00007f8a3c600000)
  eden space 135168K, 100% used [0x00007f80e0900000,0x00007f80e8d00000,0x00007f80e8d00000)
  from space 2560K, 80% used [0x00007f80e8f00000,0x00007f80e9104348,0x00007f80e9180000)
  to   space 8192K, 0% used [0x00007f80e9500000,0x00007f80e9500000,0x00007f80e9d00000)
 ParOldGen       total 687104K, used 12022K [0x00007f6e28e00000, 0x00007f6e52d00000, 0x00007f80e0900000)
  object space 687104K, 1% used [0x00007f6e28e00000,0x00007f6e299bd850,0x00007f6e52d00000)
 Metaspace       used 6342K, capacity 6611K, committed 6656K, reserved 8192K
Event: 225.089 GC heap after
Heap after GC invocations=38 (full 0):
 PSYoungGen      total 143360K, used 224K [0x00007f80e0900000, 0x00007f80ebe00000, 0x00007f8a3c600000)
  eden space 135168K, 0% used [0x00007f80e0900000,0x00007f80e0900000,0x00007f80e8d00000)
  from space 8192K, 2% used [0x00007f80e9500000,0x00007f80e9538000,0x00007f80e9d00000)
  to   space 8192K, 0% used [0x00007f80e8d00000,0x00007f80e8d00000,0x00007f80e9500000)
 ParOldGen       total 687104K, used 12349K [0x00007f6e28e00000, 0x00007f6e52d00000, 0x00007f80e0900000)
  object space 687104K, 1% used [0x00007f6e28e00000,0x00007f6e29a0f7d0,0x00007f6e52d00000)
 Metaspace       used 6342K, capacity 6611K, committed 6656K, reserved 8192K
}
Event: 228.806 GC heap before
{Heap before GC invocations=39 (full 0):
 PSYoungGen      total 143360K, used 135392K [0x00007f80e0900000, 0x00007f80ebe00000, 0x00007f8a3c600000)
  eden space 135168K, 100% used [0x00007f80e0900000,0x00007f80e8d00000,0x00007f80e8d00000)
  from space 8192K, 2% used [0x00007f80e9500000,0x00007f80e9538000,0x00007f80e9d00000)
  to   space 8192K, 0% used [0x00007f80e8d00000,0x00007f80e8d00000,0x00007f80e9500000)
 ParOldGen       total 687104K, used 12349K [0x00007f6e28e00000, 0x00007f6e52d00000, 0x00007f80e0900000)
  object space 687104K, 1% used [0x00007f6e28e00000,0x00007f6e29a0f7d0,0x00007f6e52d00000)
 Metaspace       used 6342K, capacity 6611K, committed 6656K, reserved 8192K
Event: 228.818 GC heap after
Heap after GC invocations=39 (full 0):
 PSYoungGen      total 139264K, used 5856K [0x00007f80e0900000, 0x00007f80e9c00000, 0x00007f8a3c600000)
  eden space 133120K, 0% used [0x00007f80e0900000,0x00007f80e0900000,0x00007f80e8b00000)
  from space 6144K, 95% used [0x00007f80e8d00000,0x00007f80e92b8000,0x00007f80e9300000)
  to   space 8704K, 0% used [0x00007f80e9380000,0x00007f80e9380000,0x00007f80e9c00000)
 ParOldGen       total 687104K, used 12349K [0x00007f6e28e00000, 0x00007f6e52d00000, 0x00007f80e0900000)
  object space 687104K, 1% used [0x00007f6e28e00000,0x00007f6e29a0f7d0,0x00007f6e52d00000)
 Metaspace       used 6342K, capacity 6611K, committed 6656K, reserved 8192K
}
Event: 232.165 GC heap before
{Heap before GC invocations=40 (full 0):
 PSYoungGen      total 139264K, used 138976K [0x00007f80e0900000, 0x00007f80e9c00000, 0x00007f8a3c600000)
  eden space 133120K, 100% used [0x00007f80e0900000,0x00007f80e8b00000,0x00007f80e8b00000)
  from space 6144K, 95% used [0x00007f80e8d00000,0x00007f80e92b8000,0x00007f80e9300000)
  to   space 8704K, 0% used [0x00007f80e9380000,0x00007f80e9380000,0x00007f80e9c00000)
 ParOldGen       total 687104K, used 12349K [0x00007f6e28e00000, 0x00007f6e52d00000, 0x00007f80e0900000)
  object space 687104K, 1% used [0x00007f6e28e00000,0x00007f6e29a0f7d0,0x00007f6e52d00000)
 Metaspace       used 6350K, capacity 6675K, committed 6912K, reserved 8192K
Event: 232.166 GC heap after
Heap after GC invocations=40 (full 0):
 PSYoungGen      total 137728K, used 192K [0x00007f80e0900000, 0x00007f80e9a00000, 0x00007f8a3c600000)
  eden space 131072K, 0% used [0x00007f80e0900000,0x00007f80e0900000,0x00007f80e8900000)
  from space 6656K, 2% used [0x00007f80e9380000,0x00007f80e93b0000,0x00007f80e9a00000)
  to   space 8704K, 0% used [0x00007f80e8900000,0x00007f80e8900000,0x00007f80e9180000)
 ParOldGen       total 687104K, used 12349K [0x00007f6e28e00000, 0x00007f6e52d00000, 0x00007f80e0900000)
  object space 687104K, 1% used [0x00007f6e28e00000,0x00007f6e29a0f7d0,0x00007f6e52d00000)
 Metaspace       used 6350K, capacity 6675K, committed 6912K, reserved 8192K
}
Event: 235.525 GC heap before
{Heap before GC invocations=41 (full 0):
 PSYoungGen      total 137728K, used 131264K [0x00007f80e0900000, 0x00007f80e9a00000, 0x00007f8a3c600000)
  eden space 131072K, 100% used [0x00007f80e0900000,0x00007f80e8900000,0x00007f80e8900000)
  from space 6656K, 2% used [0x00007f80e9380000,0x00007f80e93b0000,0x00007f80e9a00000)
  to   space 8704K, 0% used [0x00007f80e8900000,0x00007f80e8900000,0x00007f80e9180000)
 ParOldGen       total 687104K, used 12349K [0x00007f6e28e00000, 0x00007f6e52d00000, 0x00007f80e0900000)
  object space 687104K, 1% used [0x00007f6e28e00000,0x00007f6e29a0f7d0,0x00007f6e52d00000)
 Metaspace       used 6350K, capacity 6675K, committed 6912K, reserved 8192K
Event: 235.534 GC heap after
Heap after GC invocations=41 (full 0):
 PSYoungGen      total 135168K, used 5824K [0x00007f80e0900000, 0x00007f80e9900000, 0x00007f8a3c600000)
  eden space 129024K, 0% used [0x00007f80e0900000,0x00007f80e0900000,0x00007f80e8700000)
  from space 6144K, 94% used [0x00007f80e8900000,0x00007f80e8eb0000,0x00007f80e8f00000)
  to   space 9216K, 0% used [0x00007f80e9000000,0x00007f80e9000000,0x00007f80e9900000)
 ParOldGen       total 687104K, used 12349K [0x00007f6e28e00000, 0x00007f6e52d00000, 0x00007f80e0900000)
  object space 687104K, 1% used [0x00007f6e28e00000,0x00007f6e29a0f7d0,0x00007f6e52d00000)
 Metaspace       used 6350K, capacity 6675K, committed 6912K, reserved 8192K
}
Event: 241.095 GC heap before
{Heap before GC invocations=42 (full 0):
 PSYoungGen      total 135168K, used 134848K [0x00007f80e0900000, 0x00007f80e9900000, 0x00007f8a3c600000)
  eden space 129024K, 100% used [0x00007f80e0900000,0x00007f80e8700000,0x00007f80e8700000)
  from space 6144K, 94% used [0x00007f80e8900000,0x00007f80e8eb0000,0x00007f80e8f00000)
  to   space 9216K, 0% used [0x00007f80e9000000,0x00007f80e9000000,0x00007f80e9900000)
 ParOldGen       total 687104K, used 12349K [0x00007f6e28e00000, 0x00007f6e52d00000, 0x00007f80e0900000)
  object space 687104K, 1% used [0x00007f6e28e00000,0x00007f6e29a0f7d0,0x00007f6e52d00000)
 Metaspace       used 6357K, capacity 6675K, committed 6912K, reserved 8192K
Event: 241.097 GC heap after
Heap after GC invocations=42 (full 0):
 PSYoungGen      total 133120K, used 3488K [0x00007f80e0900000, 0x00007f80e9600000, 0x00007f8a3c600000)
  eden space 126976K, 0% used [0x00007f80e0900000,0x00007f80e0900000,0x00007f80e8500000)
  from space 6144K, 56% used [0x00007f80e9000000,0x00007f80e9368018,0x00007f80e9600000)
  to   space 8704K, 0% used [0x00007f80e8500000,0x00007f80e8500000,0x00007f80e8d80000)
 ParOldGen       total 687104K, used 12357K [0x00007f6e28e00000, 0x00007f6e52d00000, 0x00007f80e0900000)
  object space 687104K, 1% used [0x00007f6e28e00000,0x00007f6e29a117d0,0x00007f6e52d00000)
 Metaspace       used 6357K, capacity 6675K, committed 6912K, reserved 8192K
}

