# JRE version: Java(TM) SE Runtime Environment (8.0_92-b14) (build 1.8.0_92-b14)
# Java VM: Java HotSpot(TM) 64-Bit Server VM (25.92-b14 mixed mode linux-amd64 )
Heap:
 PSYoungGen      total 297984K, used 166810K [0x00007f00f4800000, 0x00007f010b580000, 0x00007f0615000000)
  eden space 274944K, 60% used [0x00007f00f4800000,0x00007f00feac3348,0x00007f0105480000)
  from space 23040K, 0% used [0x00007f0105480000,0x00007f01054a34c0,0x00007f0106b00000)
  to   space 22016K, 0% used [0x00007f010a000000,0x00007f010a000000,0x00007f010b580000)
 ParOldGen       total 517632K, used 407657K [0x00007ef6b3800000, 0x00007ef6d3180000, 0x00007f00f4800000)
  object space 517632K, 78% used [0x00007ef6b3800000,0x00007ef6cc61a6f0,0x00007ef6d3180000)
 Metaspace       used 7141K, capacity 7489K, committed 7680K, reserved 8192K
GC Heap History (10 events):
Event: 7204.262 GC heap before
{Heap before GC invocations=3814 (full 5):
 PSYoungGen      total 217600K, used 190651K [0x00007f00f4800000, 0x00007f0103900000, 0x00007f0615000000)
  eden space 190464K, 100% used [0x00007f00f4800000,0x00007f0100200000,0x00007f0100200000)
  from space 27136K, 0% used [0x00007f0101e80000,0x00007f0101eaed70,0x00007f0103900000)
  to   space 28160K, 0% used [0x00007f0100200000,0x00007f0100200000,0x00007f0101d80000)
 ParOldGen       total 517632K, used 406803K [0x00007ef6b3800000, 0x00007ef6d3180000, 0x00007f00f4800000)
  object space 517632K, 78% used [0x00007ef6b3800000,0x00007ef6cc544fd0,0x00007ef6d3180000)
 Metaspace       used 6832K, capacity 7169K, committed 7424K, reserved 8192K
Event: 7204.265 GC heap after
Heap after GC invocations=3814 (full 5):
 PSYoungGen      total 218624K, used 89K [0x00007f00f4800000, 0x00007f0105c80000, 0x00007f0615000000)
  eden space 190464K, 0% used [0x00007f00f4800000,0x00007f00f4800000,0x00007f0100200000)
  from space 28160K, 0% used [0x00007f0100200000,0x00007f01002166d8,0x00007f0101d80000)
  to   space 27136K, 0% used [0x00007f0104200000,0x00007f0104200000,0x00007f0105c80000)
 ParOldGen       total 517632K, used 406803K [0x00007ef6b3800000, 0x00007ef6d3180000, 0x00007f00f4800000)
  object space 517632K, 78% used [0x00007ef6b3800000,0x00007ef6cc544fd0,0x00007ef6d3180000)
 Metaspace       used 6832K, capacity 7169K, committed 7424K, reserved 8192K
}
Event: 7204.377 GC heap before
{Heap before GC invocations=3815 (full 5):
 PSYoungGen      total 218624K, used 190553K [0x00007f00f4800000, 0x00007f0105c80000, 0x00007f0615000000)
  eden space 190464K, 100% used [0x00007f00f4800000,0x00007f0100200000,0x00007f0100200000)
  from space 28160K, 0% used [0x00007f0100200000,0x00007f01002166d8,0x00007f0101d80000)
  to   space 27136K, 0% used [0x00007f0104200000,0x00007f0104200000,0x00007f0105c80000)
 ParOldGen       total 517632K, used 406803K [0x00007ef6b3800000, 0x00007ef6d3180000, 0x00007f00f4800000)
  object space 517632K, 78% used [0x00007ef6b3800000,0x00007ef6cc544fd0,0x00007ef6d3180000)
 Metaspace       used 6833K, capacity 7169K, committed 7424K, reserved 8192K
Event: 7204.385 GC heap after
Heap after GC invocations=3815 (full 5):
 PSYoungGen      total 252928K, used 949K [0x00007f00f4800000, 0x00007f0105980000, 0x00007f0615000000)
  eden space 228864K, 0% used [0x00007f00f4800000,0x00007f00f4800000,0x00007f0102780000)
  from space 24064K, 3% used [0x00007f0104200000,0x00007f01042ed6d8,0x00007f0105980000)
  to   space 25600K, 0% used [0x00007f0102780000,0x00007f0102780000,0x00007f0104080000)
 ParOldGen       total 517632K, used 406803K [0x00007ef6b3800000, 0x00007ef6d3180000, 0x00007f00f4800000)
  object space 517632K, 78% used [0x00007ef6b3800000,0x00007ef6cc544fd0,0x00007ef6d3180000)
 Metaspace       used 6833K, capacity 7169K, committed 7424K, reserved 8192K
}
Event: 7204.422 GC heap before
{Heap before GC invocations=3816 (full 5):
 PSYoungGen      total 252928K, used 229813K [0x00007f00f4800000, 0x00007f0105980000, 0x00007f0615000000)
  eden space 228864K, 100% used [0x00007f00f4800000,0x00007f0102780000,0x00007f0102780000)
  from space 24064K, 3% used [0x00007f0104200000,0x00007f01042ed6d8,0x00007f0105980000)
  to   space 25600K, 0% used [0x00007f0102780000,0x00007f0102780000,0x00007f0104080000)
 ParOldGen       total 517632K, used 406803K [0x00007ef6b3800000, 0x00007ef6d3180000, 0x00007f00f4800000)
  object space 517632K, 78% used [0x00007ef6b3800000,0x00007ef6cc544fd0,0x00007ef6d3180000)
 Metaspace       used 6833K, capacity 7169K, committed 7424K, reserved 8192K
Event: 7204.430 GC heap after
Heap after GC invocations=3816 (full 5):
 PSYoungGen      total 254464K, used 102K [0x00007f00f4800000, 0x00007f0108480000, 0x00007f0615000000)
  eden space 228864K, 0% used [0x00007f00f4800000,0x00007f00f4800000,0x00007f0102780000)
  from space 25600K, 0% used [0x00007f0102780000,0x00007f0102799be0,0x00007f0104080000)
  to   space 24576K, 0% used [0x00007f0106c80000,0x00007f0106c80000,0x00007f0108480000)
 ParOldGen       total 517632K, used 407657K [0x00007ef6b3800000, 0x00007ef6d3180000, 0x00007f00f4800000)
  object space 517632K, 78% used [0x00007ef6b3800000,0x00007ef6cc61a6f0,0x00007ef6d3180000)
 Metaspace       used 6833K, capacity 7169K, committed 7424K, reserved 8192K
}
Event: 7204.462 GC heap before
{Heap before GC invocations=3817 (full 5):
 PSYoungGen      total 254464K, used 228966K [0x00007f00f4800000, 0x00007f0108480000, 0x00007f0615000000)
  eden space 228864K, 100% used [0x00007f00f4800000,0x00007f0102780000,0x00007f0102780000)
  from space 25600K, 0% used [0x00007f0102780000,0x00007f0102799be0,0x00007f0104080000)
  to   space 24576K, 0% used [0x00007f0106c80000,0x00007f0106c80000,0x00007f0108480000)
 ParOldGen       total 517632K, used 407657K [0x00007ef6b3800000, 0x00007ef6d3180000, 0x00007f00f4800000)
  object space 517632K, 78% used [0x00007ef6b3800000,0x00007ef6cc61a6f0,0x00007ef6d3180000)
 Metaspace       used 6833K, capacity 7169K, committed 7424K, reserved 8192K
Event: 7204.470 GC heap after
Heap after GC invocations=3817 (full 5):
 PSYoungGen      total 296448K, used 77K [0x00007f00f4800000, 0x00007f0108180000, 0x00007f0615000000)
  eden space 274944K, 0% used [0x00007f00f4800000,0x00007f00f4800000,0x00007f0105480000)
  from space 21504K, 0% used [0x00007f0106c80000,0x00007f0106c934b8,0x00007f0108180000)
  to   space 23040K, 0% used [0x00007f0105480000,0x00007f0105480000,0x00007f0106b00000)
 ParOldGen       total 517632K, used 407657K [0x00007ef6b3800000, 0x00007ef6d3180000, 0x00007f00f4800000)
  object space 517632K, 78% used [0x00007ef6b3800000,0x00007ef6cc61a6f0,0x00007ef6d3180000)
 Metaspace       used 6833K, capacity 7169K, committed 7424K, reserved 8192K
}
Event: 7204.508 GC heap before
{Heap before GC invocations=3818 (full 5):
 PSYoungGen      total 296448K, used 275021K [0x00007f00f4800000, 0x00007f0108180000, 0x00007f0615000000)
  eden space 274944K, 100% used [0x00007f00f4800000,0x00007f0105480000,0x00007f0105480000)
  from space 21504K, 0% used [0x00007f0106c80000,0x00007f0106c934b8,0x00007f0108180000)
  to   space 23040K, 0% used [0x00007f0105480000,0x00007f0105480000,0x00007f0106b00000)
 ParOldGen       total 517632K, used 407657K [0x00007ef6b3800000, 0x00007ef6d3180000, 0x00007f00f4800000)
  object space 517632K, 78% used [0x00007ef6b3800000,0x00007ef6cc61a6f0,0x00007ef6d3180000)
 Metaspace       used 6833K, capacity 7169K, committed 7424K, reserved 8192K
Event: 7204.524 GC heap after
Heap after GC invocations=3818 (full 5):
 PSYoungGen      total 297984K, used 141K [0x00007f00f4800000, 0x00007f010b580000, 0x00007f0615000000)
  eden space 274944K, 0% used [0x00007f00f4800000,0x00007f00f4800000,0x00007f0105480000)
  from space 23040K, 0% used [0x00007f0105480000,0x00007f01054a34c0,0x00007f0106b00000)
  to   space 22016K, 0% used [0x00007f010a000000,0x00007f010a000000,0x00007f010b580000)
 ParOldGen       total 517632K, used 407657K [0x00007ef6b3800000, 0x00007ef6d3180000, 0x00007f00f4800000)
  object space 517632K, 78% used [0x00007ef6b3800000,0x00007ef6cc61a6f0,0x00007ef6d3180000)
 Metaspace       used 6833K, capacity 7169K, committed 7424K, reserved 8192K
}

