# JRE version: Java(TM) SE Runtime Environment (8.0_92-b14) (build 1.8.0_92-b14)
# Java VM: Java HotSpot(TM) 64-Bit Server VM (25.92-b14 mixed mode linux-amd64 compressed oops)
Heap:
 PSYoungGen      total 140800K, used 101615K [0x0000000670d00000, 0x000000067bb00000, 0x00000007c0000000)
  eden space 104448K, 79% used [0x0000000670d00000,0x0000000675e1bc70,0x0000000677300000)
  from space 36352K, 51% used [0x0000000679700000,0x000000067a920368,0x000000067ba80000)
  to   space 36864K, 0% used [0x0000000677300000,0x0000000677300000,0x0000000679700000)
 ParOldGen       total 324096K, used 293980K [0x00000003d2600000, 0x00000003e6280000, 0x0000000670d00000)
  object space 324096K, 90% used [0x00000003d2600000,0x00000003e4517168,0x00000003e6280000)
 Metaspace       used 5736K, capacity 6417K, committed 6528K, reserved 1056768K
  class space    used 535K, capacity 566K, committed 640K, reserved 1048576K
GC Heap History (10 events):
Event: 1506.433 GC heap before
{Heap before GC invocations=1130 (full 14):
 PSYoungGen      total 88576K, used 69744K [0x0000000670d00000, 0x0000000678100000, 0x00000007c0000000)
  eden space 69632K, 100% used [0x0000000670d00000,0x0000000675100000,0x0000000675100000)
  from space 18944K, 0% used [0x0000000675100000,0x000000067511c010,0x0000000676380000)
  to   space 17920K, 0% used [0x0000000676f80000,0x0000000676f80000,0x0000000678100000)
 ParOldGen       total 324096K, used 249489K [0x00000003d2600000, 0x00000003e6280000, 0x0000000670d00000)
  object space 324096K, 76% used [0x00000003d2600000,0x00000003e19a4678,0x00000003e6280000)
 Metaspace       used 4770K, capacity 6149K, committed 6272K, reserved 1056768K
  class space    used 444K, capacity 520K, committed 640K, reserved 1048576K
Event: 1506.435 GC heap after
Heap after GC invocations=1130 (full 14):
 PSYoungGen      total 98816K, used 176K [0x0000000670d00000, 0x0000000677f00000, 0x00000007c0000000)
  eden space 82944K, 0% used [0x0000000670d00000,0x0000000670d00000,0x0000000675e00000)
  from space 15872K, 1% used [0x0000000676f80000,0x0000000676fac010,0x0000000677f00000)
  to   space 16896K, 0% used [0x0000000675e00000,0x0000000675e00000,0x0000000676e80000)
 ParOldGen       total 324096K, used 249521K [0x00000003d2600000, 0x00000003e6280000, 0x0000000670d00000)
  object space 324096K, 76% used [0x00000003d2600000,0x00000003e19ac678,0x00000003e6280000)
 Metaspace       used 4770K, capacity 6149K, committed 6272K, reserved 1056768K
  class space    used 444K, capacity 520K, committed 640K, reserved 1048576K
}
Event: 1508.215 GC heap before
{Heap before GC invocations=1131 (full 14):
 PSYoungGen      total 98816K, used 83120K [0x0000000670d00000, 0x0000000677f00000, 0x00000007c0000000)
  eden space 82944K, 100% used [0x0000000670d00000,0x0000000675e00000,0x0000000675e00000)
  from space 15872K, 1% used [0x0000000676f80000,0x0000000676fac010,0x0000000677f00000)
  to   space 16896K, 0% used [0x0000000675e00000,0x0000000675e00000,0x0000000676e80000)
 ParOldGen       total 324096K, used 249521K [0x00000003d2600000, 0x00000003e6280000, 0x0000000670d00000)
  object space 324096K, 76% used [0x00000003d2600000,0x00000003e19ac678,0x00000003e6280000)
 Metaspace       used 5454K, capacity 6225K, committed 6528K, reserved 1056768K
  class space    used 516K, capacity 566K, committed 640K, reserved 1048576K
Event: 1508.221 GC heap after
Heap after GC invocations=1131 (full 14):
 PSYoungGen      total 99840K, used 6752K [0x0000000670d00000, 0x0000000678e00000, 0x00000007c0000000)
  eden space 82944K, 0% used [0x0000000670d00000,0x0000000670d00000,0x0000000675e00000)
  from space 16896K, 39% used [0x0000000675e00000,0x0000000676498030,0x0000000676e80000)
  to   space 16896K, 0% used [0x0000000677d80000,0x0000000677d80000,0x0000000678e00000)
 ParOldGen       total 324096K, used 249545K [0x00000003d2600000, 0x00000003e6280000, 0x0000000670d00000)
  object space 324096K, 76% used [0x00000003d2600000,0x00000003e19b2678,0x00000003e6280000)
 Metaspace       used 5454K, capacity 6225K, committed 6528K, reserved 1056768K
  class space    used 516K, capacity 566K, committed 640K, reserved 1048576K
}
Event: 1512.473 GC heap before
{Heap before GC invocations=1132 (full 14):
 PSYoungGen      total 99840K, used 89696K [0x0000000670d00000, 0x0000000678e00000, 0x00000007c0000000)
  eden space 82944K, 100% used [0x0000000670d00000,0x0000000675e00000,0x0000000675e00000)
  from space 16896K, 39% used [0x0000000675e00000,0x0000000676498030,0x0000000676e80000)
  to   space 16896K, 0% used [0x0000000677d80000,0x0000000677d80000,0x0000000678e00000)
 ParOldGen       total 324096K, used 249545K [0x00000003d2600000, 0x00000003e6280000, 0x0000000670d00000)
  object space 324096K, 76% used [0x00000003d2600000,0x00000003e19b2678,0x00000003e6280000)
 Metaspace       used 5644K, capacity 6353K, committed 6528K, reserved 1056768K
  class space    used 529K, capacity 566K, committed 640K, reserved 1048576K
Event: 1512.515 GC heap after
Heap after GC invocations=1132 (full 14):
 PSYoungGen      total 105984K, used 16883K [0x0000000670d00000, 0x0000000679f80000, 0x00000007c0000000)
  eden space 89088K, 0% used [0x0000000670d00000,0x0000000670d00000,0x0000000676400000)
  from space 16896K, 99% used [0x0000000677d80000,0x0000000678dfcfc0,0x0000000678e00000)
  to   space 26112K, 0% used [0x0000000676400000,0x0000000676400000,0x0000000677d80000)
 ParOldGen       total 324096K, used 264235K [0x00000003d2600000, 0x00000003e6280000, 0x0000000670d00000)
  object space 324096K, 81% used [0x00000003d2600000,0x00000003e280ac88,0x00000003e6280000)
 Metaspace       used 5644K, capacity 6353K, committed 6528K, reserved 1056768K
  class space    used 529K, capacity 566K, committed 640K, reserved 1048576K
}
Event: 1518.276 GC heap before
{Heap before GC invocations=1133 (full 14):
 PSYoungGen      total 105984K, used 105971K [0x0000000670d00000, 0x0000000679f80000, 0x00000007c0000000)
  eden space 89088K, 100% used [0x0000000670d00000,0x0000000676400000,0x0000000676400000)
  from space 16896K, 99% used [0x0000000677d80000,0x0000000678dfcfc0,0x0000000678e00000)
  to   space 26112K, 0% used [0x0000000676400000,0x0000000676400000,0x0000000677d80000)
 ParOldGen       total 324096K, used 264235K [0x00000003d2600000, 0x00000003e6280000, 0x0000000670d00000)
  object space 324096K, 81% used [0x00000003d2600000,0x00000003e280ac88,0x00000003e6280000)
 Metaspace       used 5678K, capacity 6353K, committed 6528K, reserved 1056768K
  class space    used 531K, capacity 566K, committed 640K, reserved 1048576K
Event: 1518.321 GC heap after
Heap after GC invocations=1133 (full 14):
 PSYoungGen      total 115200K, used 26093K [0x0000000670d00000, 0x000000067ba80000, 0x00000007c0000000)
  eden space 89088K, 0% used [0x0000000670d00000,0x0000000670d00000,0x0000000676400000)
  from space 26112K, 99% used [0x0000000676400000,0x0000000677d7b530,0x0000000677d80000)
  to   space 36352K, 0% used [0x0000000679700000,0x0000000679700000,0x000000067ba80000)
 ParOldGen       total 324096K, used 276383K [0x00000003d2600000, 0x00000003e6280000, 0x0000000670d00000)
  object space 324096K, 85% used [0x00000003d2600000,0x00000003e33e7c38,0x00000003e6280000)
 Metaspace       used 5678K, capacity 6353K, committed 6528K, reserved 1056768K
  class space    used 531K, capacity 566K, committed 640K, reserved 1048576K
}
Event: 1524.038 GC heap before
{Heap before GC invocations=1134 (full 14):
 PSYoungGen      total 115200K, used 115181K [0x0000000670d00000, 0x000000067ba80000, 0x00000007c0000000)
  eden space 89088K, 100% used [0x0000000670d00000,0x0000000676400000,0x0000000676400000)
  from space 26112K, 99% used [0x0000000676400000,0x0000000677d7b530,0x0000000677d80000)
  to   space 36352K, 0% used [0x0000000679700000,0x0000000679700000,0x000000067ba80000)
 ParOldGen       total 324096K, used 276383K [0x00000003d2600000, 0x00000003e6280000, 0x0000000670d00000)
  object space 324096K, 85% used [0x00000003d2600000,0x00000003e33e7c38,0x00000003e6280000)
 Metaspace       used 5734K, capacity 6417K, committed 6528K, reserved 1056768K
  class space    used 534K, capacity 566K, committed 640K, reserved 1048576K
Event: 1524.083 GC heap after
Heap after GC invocations=1134 (full 14):
 PSYoungGen      total 140800K, used 18560K [0x0000000670d00000, 0x000000067bb00000, 0x00000007c0000000)
  eden space 104448K, 0% used [0x0000000670d00000,0x0000000670d00000,0x0000000677300000)
  from space 36352K, 51% used [0x0000000679700000,0x000000067a920368,0x000000067ba80000)
  to   space 36864K, 0% used [0x0000000677300000,0x0000000677300000,0x0000000679700000)
 ParOldGen       total 324096K, used 293980K [0x00000003d2600000, 0x00000003e6280000, 0x0000000670d00000)
  object space 324096K, 90% used [0x00000003d2600000,0x00000003e4517168,0x00000003e6280000)
 Metaspace       used 5734K, capacity 6417K, committed 6528K, reserved 1056768K
  class space    used 534K, capacity 566K, committed 640K, reserved 1048576K
}

